<?xml version="1.0" encoding="UTF-8"?>
<testsuite xmlns:xsi="http://www.w3.org/2001/XMLSchema-instance" xsi:noNamespaceSchemaLocation="https://maven.apache.org/surefire/maven-surefire-plugin/xsd/surefire-test-report-3.0.xsd" version="3.0" name="com.brady.AppTest" time="0.018" tests="1" errors="0" skipped="0" failures="0">
  <properties>
    <property name="java.specification.version" value="17"/>
    <property name="sun.cpu.isalist" value="amd64"/>
    <property name="sun.jnu.encoding" value="Cp1252"/>
    <property name="java.class.path" value="D:\SS\brady-assignment\frontend\target\test-classes;D:\SS\brady-assignment\frontend\target\classes;C:\Users\Company\.m2\repository\junit\junit\3.8.1\junit-3.8.1.jar;C:\Users\Company\.m2\repository\org\jboss\spec\javax\ejb\jboss-ejb-api_3.2_spec\2.0.0.Final\jboss-ejb-api_3.2_spec-2.0.0.Final.jar;C:\Users\Company\.m2\repository\org\wildfly\transaction\wildfly-transaction-client\2.0.1.Final\wildfly-transaction-client-2.0.1.Final.jar;C:\Users\Company\.m2\repository\org\jboss\marshalling\jboss-marshalling\2.0.12.Final\jboss-marshalling-2.0.12.Final.jar;C:\Users\Company\.m2\repository\org\jboss\marshalling\jboss-marshalling-river\2.0.12.Final\jboss-marshalling-river-2.0.12.Final.jar;C:\Users\Company\.m2\repository\org\jboss\xnio\xnio-api\3.8.7.Final\xnio-api-3.8.7.Final.jar;C:\Users\Company\.m2\repository\org\jboss\threads\jboss-threads\2.4.0.Final\jboss-threads-2.4.0.Final.jar;C:\Users\Company\.m2\repository\org\jboss\xnio\xnio-nio\3.8.7.Final\xnio-nio-3.8.7.Final.jar;C:\Users\Company\.m2\repository\org\jboss\remoting\jboss-remoting\5.0.25.Final\jboss-remoting-5.0.25.Final.jar;C:\Users\Company\.m2\repository\org\wildfly\security\wildfly-elytron\1.19.1.Final\wildfly-elytron-1.19.1.Final.jar;C:\Users\Company\.m2\repository\org\wildfly\security\wildfly-elytron-audit\1.19.1.Final\wildfly-elytron-audit-1.19.1.Final.jar;C:\Users\Company\.m2\repository\org\wildfly\security\wildfly-elytron-auth-server-deprecated\1.19.1.Final\wildfly-elytron-auth-server-deprecated-1.19.1.Final.jar;C:\Users\Company\.m2\repository\org\wildfly\security\wildfly-elytron-auth-server-sasl\1.19.1.Final\wildfly-elytron-auth-server-sasl-1.19.1.Final.jar;C:\Users\Company\.m2\repository\org\wildfly\security\wildfly-elytron-digest\1.19.1.Final\wildfly-elytron-digest-1.19.1.Final.jar;C:\Users\Company\.m2\repository\org\wildfly\security\wildfly-elytron-http-bearer\1.19.1.Final\wildfly-elytron-http-bearer-1.19.1.Final.jar;C:\Users\Company\.m2\repository\org\wildfly\security\wildfly-elytron-http-external\1.19.1.Final\wildfly-elytron-http-external-1.19.1.Final.jar;C:\Users\Company\.m2\repository\org\wildfly\security\wildfly-elytron-http-form\1.19.1.Final\wildfly-elytron-http-form-1.19.1.Final.jar;C:\Users\Company\.m2\repository\org\wildfly\security\wildfly-elytron-http-oidc\1.19.1.Final\wildfly-elytron-http-oidc-1.19.1.Final.jar;C:\Users\Company\.m2\repository\org\apache\httpcomponents\httpclient\4.5.13\httpclient-4.5.13.jar;C:\Users\Company\.m2\repository\org\apache\httpcomponents\httpcore\4.4.15\httpcore-4.4.15.jar;C:\Users\Company\.m2\repository\commons-codec\commons-codec\1.15\commons-codec-1.15.jar;C:\Users\Company\.m2\repository\org\bitbucket\b_c\jose4j\0.7.11\jose4j-0.7.11.jar;C:\Users\Company\.m2\repository\org\wildfly\security\wildfly-elytron-http-spnego\1.19.1.Final\wildfly-elytron-http-spnego-1.19.1.Final.jar;C:\Users\Company\.m2\repository\org\wildfly\security\wildfly-elytron-jacc\1.19.1.Final\wildfly-elytron-jacc-1.19.1.Final.jar;C:\Users\Company\.m2\repository\org\wildfly\security\wildfly-elytron-jaspi\1.19.1.Final\wildfly-elytron-jaspi-1.19.1.Final.jar;C:\Users\Company\.m2\repository\org\wildfly\security\wildfly-elytron-json-util\1.19.1.Final\wildfly-elytron-json-util-1.19.1.Final.jar;C:\Users\Company\.m2\repository\org\wildfly\security\wildfly-elytron-jose-jwk\1.19.1.Final\wildfly-elytron-jose-jwk-1.19.1.Final.jar;C:\Users\Company\.m2\repository\com\fasterxml\jackson\core\jackson-annotations\2.12.7\jackson-annotations-2.12.7.jar;C:\Users\Company\.m2\repository\org\wildfly\security\wildfly-elytron-jose-util\1.19.1.Final\wildfly-elytron-jose-util-1.19.1.Final.jar;C:\Users\Company\.m2\repository\com\fasterxml\jackson\core\jackson-core\2.12.7\jackson-core-2.12.7.jar;C:\Users\Company\.m2\repository\com\fasterxml\jackson\core\jackson-databind\2.12.7\jackson-databind-2.12.7.jar;C:\Users\Company\.m2\repository\org\wildfly\security\wildfly-elytron-mechanism-digest\1.19.1.Final\wildfly-elytron-mechanism-digest-1.19.1.Final.jar;C:\Users\Company\.m2\repository\org\wildfly\security\wildfly-elytron-mechanism-gssapi\1.19.1.Final\wildfly-elytron-mechanism-gssapi-1.19.1.Final.jar;C:\Users\Company\.m2\repository\org\wildfly\security\wildfly-elytron-mechanism-http\1.19.1.Final\wildfly-elytron-mechanism-http-1.19.1.Final.jar;C:\Users\Company\.m2\repository\org\wildfly\security\wildfly-elytron-mechanism-oauth2\1.19.1.Final\wildfly-elytron-mechanism-oauth2-1.19.1.Final.jar;C:\Users\Company\.m2\repository\org\wildfly\security\wildfly-elytron-mechanism-scram\1.19.1.Final\wildfly-elytron-mechanism-scram-1.19.1.Final.jar;C:\Users\Company\.m2\repository\org\wildfly\security\wildfly-elytron-realm-jdbc\1.19.1.Final\wildfly-elytron-realm-jdbc-1.19.1.Final.jar;C:\Users\Company\.m2\repository\org\wildfly\security\wildfly-elytron-realm-ldap\1.19.1.Final\wildfly-elytron-realm-ldap-1.19.1.Final.jar;C:\Users\Company\.m2\repository\org\wildfly\security\wildfly-elytron-realm-token\1.19.1.Final\wildfly-elytron-realm-token-1.19.1.Final.jar;C:\Users\Company\.m2\repository\org\wildfly\security\wildfly-elytron-sasl-digest\1.19.1.Final\wildfly-elytron-sasl-digest-1.19.1.Final.jar;C:\Users\Company\.m2\repository\org\wildfly\security\wildfly-elytron-sasl-entity\1.19.1.Final\wildfly-elytron-sasl-entity-1.19.1.Final.jar;C:\Users\Company\.m2\repository\org\wildfly\security\wildfly-elytron-sasl-external\1.19.1.Final\wildfly-elytron-sasl-external-1.19.1.Final.jar;C:\Users\Company\.m2\repository\org\wildfly\security\wildfly-elytron-sasl-gs2\1.19.1.Final\wildfly-elytron-sasl-gs2-1.19.1.Final.jar;C:\Users\Company\.m2\repository\org\wildfly\security\wildfly-elytron-sasl-gssapi\1.19.1.Final\wildfly-elytron-sasl-gssapi-1.19.1.Final.jar;C:\Users\Company\.m2\repository\org\wildfly\security\wildfly-elytron-sasl-oauth2\1.19.1.Final\wildfly-elytron-sasl-oauth2-1.19.1.Final.jar;C:\Users\Company\.m2\repository\org\wildfly\security\wildfly-elytron-sasl-otp\1.19.1.Final\wildfly-elytron-sasl-otp-1.19.1.Final.jar;C:\Users\Company\.m2\repository\org\wildfly\security\wildfly-elytron-sasl-plain\1.19.1.Final\wildfly-elytron-sasl-plain-1.19.1.Final.jar;C:\Users\Company\.m2\repository\org\wildfly\security\wildfly-elytron-sasl-scram\1.19.1.Final\wildfly-elytron-sasl-scram-1.19.1.Final.jar;C:\Users\Company\.m2\repository\org\wildfly\security\wildfly-elytron-x500-cert-acme\1.19.1.Final\wildfly-elytron-x500-cert-acme-1.19.1.Final.jar;C:\Users\Company\.m2\repository\org\wildfly\security\wildfly-elytron-x500-cert-util\1.19.1.Final\wildfly-elytron-x500-cert-util-1.19.1.Final.jar;C:\Users\Company\.m2\repository\org\wildfly\security\wildfly-elytron-x500-principal\1.19.1.Final\wildfly-elytron-x500-principal-1.19.1.Final.jar;C:\Users\Company\.m2\repository\org\jboss\logging\jboss-logging\3.4.3.Final\jboss-logging-3.4.3.Final.jar;C:\Users\Company\.m2\repository\org\wildfly\client\wildfly-client-config\1.0.1.Final\wildfly-client-config-1.0.1.Final.jar;C:\Users\Company\.m2\repository\org\wildfly\common\wildfly-common\1.6.0.Final\wildfly-common-1.6.0.Final.jar;C:\Users\Company\.m2\repository\org\wildfly\discovery\wildfly-discovery-client\1.2.1.Final\wildfly-discovery-client-1.2.1.Final.jar;C:\Users\Company\.m2\repository\org\wildfly\security\wildfly-elytron-auth\1.19.1.Final\wildfly-elytron-auth-1.19.1.Final.jar;C:\Users\Company\.m2\repository\org\wildfly\security\wildfly-elytron-auth-server\1.19.1.Final\wildfly-elytron-auth-server-1.19.1.Final.jar;C:\Users\Company\.m2\repository\org\wildfly\security\wildfly-elytron-base\1.19.1.Final\wildfly-elytron-base-1.19.1.Final.jar;C:\Users\Company\.m2\repository\org\wildfly\security\wildfly-elytron-x500\1.19.1.Final\wildfly-elytron-x500-1.19.1.Final.jar;C:\Users\Company\.m2\repository\org\wildfly\security\wildfly-elytron-credential\1.19.1.Final\wildfly-elytron-credential-1.19.1.Final.jar;C:\Users\Company\.m2\repository\org\wildfly\security\wildfly-elytron-asn1\1.19.1.Final\wildfly-elytron-asn1-1.19.1.Final.jar;C:\Users\Company\.m2\repository\org\wildfly\security\wildfly-elytron-keystore\1.19.1.Final\wildfly-elytron-keystore-1.19.1.Final.jar;C:\Users\Company\.m2\repository\org\wildfly\security\wildfly-elytron-provider-util\1.19.1.Final\wildfly-elytron-provider-util-1.19.1.Final.jar;C:\Users\Company\.m2\repository\org\wildfly\security\wildfly-elytron-client\1.19.1.Final\wildfly-elytron-client-1.19.1.Final.jar;C:\Users\Company\.m2\repository\org\wildfly\security\wildfly-elytron-auth-util\1.19.1.Final\wildfly-elytron-auth-util-1.19.1.Final.jar;C:\Users\Company\.m2\repository\org\apache\sshd\sshd-common\2.7.0\sshd-common-2.7.0.jar;C:\Users\Company\.m2\repository\org\slf4j\slf4j-api\1.7.36\slf4j-api-1.7.36.jar;C:\Users\Company\.m2\repository\org\slf4j\jcl-over-slf4j\1.7.36\jcl-over-slf4j-1.7.36.jar;C:\Users\Company\.m2\repository\org\wildfly\security\wildfly-elytron-credential-source-impl\1.19.1.Final\wildfly-elytron-credential-source-impl-1.19.1.Final.jar;C:\Users\Company\.m2\repository\org\wildfly\security\wildfly-elytron-credential-store\1.19.1.Final\wildfly-elytron-credential-store-1.19.1.Final.jar;C:\Users\Company\.m2\repository\org\wildfly\security\wildfly-elytron-mechanism\1.19.1.Final\wildfly-elytron-mechanism-1.19.1.Final.jar;C:\Users\Company\.m2\repository\org\wildfly\security\wildfly-elytron-password-impl\1.19.1.Final\wildfly-elytron-password-impl-1.19.1.Final.jar;C:\Users\Company\.m2\repository\org\wildfly\security\wildfly-elytron-x500-cert\1.19.1.Final\wildfly-elytron-x500-cert-1.19.1.Final.jar;C:\Users\Company\.m2\repository\org\wildfly\security\wildfly-elytron-security-manager\1.19.1.Final\wildfly-elytron-security-manager-1.19.1.Final.jar;C:\Users\Company\.m2\repository\org\wildfly\security\wildfly-elytron-security-manager-action\1.19.1.Final\wildfly-elytron-security-manager-action-1.19.1.Final.jar;C:\Users\Company\.m2\repository\org\wildfly\security\wildfly-elytron-permission\1.19.1.Final\wildfly-elytron-permission-1.19.1.Final.jar;C:\Users\Company\.m2\repository\org\wildfly\security\wildfly-elytron-sasl\1.19.1.Final\wildfly-elytron-sasl-1.19.1.Final.jar;C:\Users\Company\.m2\repository\org\wildfly\security\wildfly-elytron-ssl\1.19.1.Final\wildfly-elytron-ssl-1.19.1.Final.jar;C:\Users\Company\.m2\repository\org\wildfly\security\wildfly-elytron-realm\1.19.1.Final\wildfly-elytron-realm-1.19.1.Final.jar;C:\Users\Company\.m2\repository\org\wildfly\security\wildfly-elytron-encryption\1.19.1.Final\wildfly-elytron-encryption-1.19.1.Final.jar;C:\Users\Company\.m2\repository\org\wildfly\security\wildfly-elytron-sasl-localuser\1.19.1.Final\wildfly-elytron-sasl-localuser-1.19.1.Final.jar;C:\Users\Company\.m2\repository\org\wildfly\security\wildfly-elytron-http-sso\1.19.1.Final\wildfly-elytron-http-sso-1.19.1.Final.jar;C:\Users\Company\.m2\repository\org\wildfly\security\wildfly-elytron-http\1.19.1.Final\wildfly-elytron-http-1.19.1.Final.jar;C:\Users\Company\.m2\repository\org\wildfly\security\wildfly-elytron-http-util\1.19.1.Final\wildfly-elytron-http-util-1.19.1.Final.jar;C:\Users\Company\.m2\repository\org\wildfly\security\wildfly-elytron-util\1.19.1.Final\wildfly-elytron-util-1.19.1.Final.jar;C:\Users\Company\.m2\repository\org\wildfly\wildfly-naming-client\1.0.15.Final\wildfly-naming-client-1.0.15.Final.jar;C:\Users\Company\.m2\repository\org\wildfly\security\wildfly-elytron-sasl-anonymous\1.19.1.Final\wildfly-elytron-sasl-anonymous-1.19.1.Final.jar;C:\Users\Company\.m2\repository\org\wildfly\security\wildfly-elytron-sasl-auth-util\1.19.1.Final\wildfly-elytron-sasl-auth-util-1.19.1.Final.jar;C:\Users\Company\.m2\repository\org\jboss\ejb3\jboss-ejb3-ext-api\2.3.0.Final\jboss-ejb3-ext-api-2.3.0.Final.jar;C:\Users\Company\.m2\repository\org\jboss\spec\javax\resource\jboss-connector-api_1.7_spec\2.0.0.Final\jboss-connector-api_1.7_spec-2.0.0.Final.jar;C:\Users\Company\.m2\repository\org\jboss\spec\javax\transaction\jboss-transaction-api_1.3_spec\2.0.0.Final\jboss-transaction-api_1.3_spec-2.0.0.Final.jar;C:\Users\Company\.m2\repository\org\wildfly\wildfly-http-client\wildfly-http-ejb-client\1.1.12.Final\wildfly-http-ejb-client-1.1.12.Final.jar;C:\Users\Company\.m2\repository\org\kohsuke\metainf-services\metainf-services\1.7\metainf-services-1.7.jar;C:\Users\Company\.m2\repository\io\undertow\undertow-core\2.2.19.Final\undertow-core-2.2.19.Final.jar;C:\Users\Company\.m2\repository\org\wildfly\wildfly-http-client\wildfly-http-client-common\1.1.12.Final\wildfly-http-client-common-1.1.12.Final.jar;C:\Users\Company\.m2\repository\org\wildfly\security\wildfly-elytron-auth-server-http\1.19.1.Final\wildfly-elytron-auth-server-http-1.19.1.Final.jar;C:\Users\Company\.m2\repository\org\wildfly\security\wildfly-elytron-http-basic\1.19.1.Final\wildfly-elytron-http-basic-1.19.1.Final.jar;C:\Users\Company\.m2\repository\org\wildfly\security\wildfly-elytron-http-cert\1.19.1.Final\wildfly-elytron-http-cert-1.19.1.Final.jar;C:\Users\Company\.m2\repository\org\wildfly\security\wildfly-elytron-http-digest\1.19.1.Final\wildfly-elytron-http-digest-1.19.1.Final.jar;C:\Users\Company\.m2\repository\org\wildfly\wildfly-http-client\wildfly-http-naming-client\1.1.12.Final\wildfly-http-naming-client-1.1.12.Final.jar;C:\Users\Company\.m2\repository\org\wildfly\wildfly-http-client\wildfly-http-transaction-client\1.1.12.Final\wildfly-http-transaction-client-1.1.12.Final.jar;C:\Users\Company\.m2\repository\org\jboss\jboss-ejb-client\4.0.44.Final\jboss-ejb-client-4.0.44.Final.jar;C:\Users\Company\.m2\repository\org\jboss\spec\javax\transaction\jboss-transaction-api_1.2_spec\1.0.1.Final\jboss-transaction-api_1.2_spec-1.0.1.Final.jar;C:\Users\Company\.m2\repository\javax\javaee-api\8.0\javaee-api-8.0.jar;C:\Users\Company\.m2\repository\com\sun\mail\javax.mail\1.6.0\javax.mail-1.6.0.jar;C:\Users\Company\.m2\repository\javax\activation\activation\1.1\activation-1.1.jar;C:\Users\Company\.m2\repository\com\brady\backend\1.0-SNAPSHOT\backend-1.0-SNAPSHOT.jar;C:\Users\Company\.m2\repository\com\h2database\h2\1.4.200\h2-1.4.200.jar;C:\Users\Company\.m2\repository\org\modelmapper\modelmapper\3.1.1\modelmapper-3.1.1.jar;C:\Users\Company\.m2\repository\org\flywaydb\flyway-core\8.3.0\flyway-core-8.3.0.jar;C:\Users\Company\.m2\repository\org\hibernate\hibernate-core\5.6.10.Final\hibernate-core-5.6.10.Final.jar;C:\Users\Company\.m2\repository\javax\persistence\javax.persistence-api\2.2\javax.persistence-api-2.2.jar;C:\Users\Company\.m2\repository\net\bytebuddy\byte-buddy\1.12.9\byte-buddy-1.12.9.jar;C:\Users\Company\.m2\repository\antlr\antlr\2.7.7\antlr-2.7.7.jar;C:\Users\Company\.m2\repository\org\jboss\jandex\2.4.2.Final\jandex-2.4.2.Final.jar;C:\Users\Company\.m2\repository\com\fasterxml\classmate\1.5.1\classmate-1.5.1.jar;C:\Users\Company\.m2\repository\javax\activation\javax.activation-api\1.2.0\javax.activation-api-1.2.0.jar;C:\Users\Company\.m2\repository\org\hibernate\common\hibernate-commons-annotations\5.1.2.Final\hibernate-commons-annotations-5.1.2.Final.jar;C:\Users\Company\.m2\repository\javax\xml\bind\jaxb-api\2.3.1\jaxb-api-2.3.1.jar;C:\Users\Company\.m2\repository\org\glassfish\jaxb\jaxb-runtime\2.3.1\jaxb-runtime-2.3.1.jar;C:\Users\Company\.m2\repository\org\glassfish\jaxb\txw2\2.3.1\txw2-2.3.1.jar;C:\Users\Company\.m2\repository\com\sun\istack\istack-commons-runtime\3.0.7\istack-commons-runtime-3.0.7.jar;C:\Users\Company\.m2\repository\org\jvnet\staxex\stax-ex\1.8\stax-ex-1.8.jar;C:\Users\Company\.m2\repository\com\sun\xml\fastinfoset\FastInfoset\1.2.15\FastInfoset-1.2.15.jar;"/>
    <property name="java.vm.vendor" value="JetBrains s.r.o."/>
    <property name="sun.arch.data.model" value="64"/>
    <property name="user.variant" value=""/>
    <property name="java.vendor.url" value="https://openjdk.java.net/"/>
    <property name="user.timezone" value="Asia/Calcutta"/>
    <property name="os.name" value="Windows 11"/>
    <property name="java.vm.specification.version" value="17"/>
    <property name="sun.java.launcher" value="SUN_STANDARD"/>
    <property name="user.country" value="IN"/>
    <property name="sun.boot.library.path" value="C:\Program Files\Android\Android Studio\jbr\bin"/>
    <property name="sun.java.command" value="C:\Users\Company\AppData\Local\Temp\surefire13944215483240406061\surefirebooter-20250625163731070_3.jar C:\Users\Company\AppData\Local\Temp\surefire13944215483240406061 2025-06-25T16-37-30_920-jvmRun1 surefire-20250625163731070_1tmp surefire_0-20250625163731070_2tmp"/>
    <property name="jdk.debug" value="release"/>
    <property name="surefire.test.class.path" value="D:\SS\brady-assignment\frontend\target\test-classes;D:\SS\brady-assignment\frontend\target\classes;C:\Users\Company\.m2\repository\junit\junit\3.8.1\junit-3.8.1.jar;C:\Users\Company\.m2\repository\org\jboss\spec\javax\ejb\jboss-ejb-api_3.2_spec\2.0.0.Final\jboss-ejb-api_3.2_spec-2.0.0.Final.jar;C:\Users\Company\.m2\repository\org\wildfly\transaction\wildfly-transaction-client\2.0.1.Final\wildfly-transaction-client-2.0.1.Final.jar;C:\Users\Company\.m2\repository\org\jboss\marshalling\jboss-marshalling\2.0.12.Final\jboss-marshalling-2.0.12.Final.jar;C:\Users\Company\.m2\repository\org\jboss\marshalling\jboss-marshalling-river\2.0.12.Final\jboss-marshalling-river-2.0.12.Final.jar;C:\Users\Company\.m2\repository\org\jboss\xnio\xnio-api\3.8.7.Final\xnio-api-3.8.7.Final.jar;C:\Users\Company\.m2\repository\org\jboss\threads\jboss-threads\2.4.0.Final\jboss-threads-2.4.0.Final.jar;C:\Users\Company\.m2\repository\org\jboss\xnio\xnio-nio\3.8.7.Final\xnio-nio-3.8.7.Final.jar;C:\Users\Company\.m2\repository\org\jboss\remoting\jboss-remoting\5.0.25.Final\jboss-remoting-5.0.25.Final.jar;C:\Users\Company\.m2\repository\org\wildfly\security\wildfly-elytron\1.19.1.Final\wildfly-elytron-1.19.1.Final.jar;C:\Users\Company\.m2\repository\org\wildfly\security\wildfly-elytron-audit\1.19.1.Final\wildfly-elytron-audit-1.19.1.Final.jar;C:\Users\Company\.m2\repository\org\wildfly\security\wildfly-elytron-auth-server-deprecated\1.19.1.Final\wildfly-elytron-auth-server-deprecated-1.19.1.Final.jar;C:\Users\Company\.m2\repository\org\wildfly\security\wildfly-elytron-auth-server-sasl\1.19.1.Final\wildfly-elytron-auth-server-sasl-1.19.1.Final.jar;C:\Users\Company\.m2\repository\org\wildfly\security\wildfly-elytron-digest\1.19.1.Final\wildfly-elytron-digest-1.19.1.Final.jar;C:\Users\Company\.m2\repository\org\wildfly\security\wildfly-elytron-http-bearer\1.19.1.Final\wildfly-elytron-http-bearer-1.19.1.Final.jar;C:\Users\Company\.m2\repository\org\wildfly\security\wildfly-elytron-http-external\1.19.1.Final\wildfly-elytron-http-external-1.19.1.Final.jar;C:\Users\Company\.m2\repository\org\wildfly\security\wildfly-elytron-http-form\1.19.1.Final\wildfly-elytron-http-form-1.19.1.Final.jar;C:\Users\Company\.m2\repository\org\wildfly\security\wildfly-elytron-http-oidc\1.19.1.Final\wildfly-elytron-http-oidc-1.19.1.Final.jar;C:\Users\Company\.m2\repository\org\apache\httpcomponents\httpclient\4.5.13\httpclient-4.5.13.jar;C:\Users\Company\.m2\repository\org\apache\httpcomponents\httpcore\4.4.15\httpcore-4.4.15.jar;C:\Users\Company\.m2\repository\commons-codec\commons-codec\1.15\commons-codec-1.15.jar;C:\Users\Company\.m2\repository\org\bitbucket\b_c\jose4j\0.7.11\jose4j-0.7.11.jar;C:\Users\Company\.m2\repository\org\wildfly\security\wildfly-elytron-http-spnego\1.19.1.Final\wildfly-elytron-http-spnego-1.19.1.Final.jar;C:\Users\Company\.m2\repository\org\wildfly\security\wildfly-elytron-jacc\1.19.1.Final\wildfly-elytron-jacc-1.19.1.Final.jar;C:\Users\Company\.m2\repository\org\wildfly\security\wildfly-elytron-jaspi\1.19.1.Final\wildfly-elytron-jaspi-1.19.1.Final.jar;C:\Users\Company\.m2\repository\org\wildfly\security\wildfly-elytron-json-util\1.19.1.Final\wildfly-elytron-json-util-1.19.1.Final.jar;C:\Users\Company\.m2\repository\org\wildfly\security\wildfly-elytron-jose-jwk\1.19.1.Final\wildfly-elytron-jose-jwk-1.19.1.Final.jar;C:\Users\Company\.m2\repository\com\fasterxml\jackson\core\jackson-annotations\2.12.7\jackson-annotations-2.12.7.jar;C:\Users\Company\.m2\repository\org\wildfly\security\wildfly-elytron-jose-util\1.19.1.Final\wildfly-elytron-jose-util-1.19.1.Final.jar;C:\Users\Company\.m2\repository\com\fasterxml\jackson\core\jackson-core\2.12.7\jackson-core-2.12.7.jar;C:\Users\Company\.m2\repository\com\fasterxml\jackson\core\jackson-databind\2.12.7\jackson-databind-2.12.7.jar;C:\Users\Company\.m2\repository\org\wildfly\security\wildfly-elytron-mechanism-digest\1.19.1.Final\wildfly-elytron-mechanism-digest-1.19.1.Final.jar;C:\Users\Company\.m2\repository\org\wildfly\security\wildfly-elytron-mechanism-gssapi\1.19.1.Final\wildfly-elytron-mechanism-gssapi-1.19.1.Final.jar;C:\Users\Company\.m2\repository\org\wildfly\security\wildfly-elytron-mechanism-http\1.19.1.Final\wildfly-elytron-mechanism-http-1.19.1.Final.jar;C:\Users\Company\.m2\repository\org\wildfly\security\wildfly-elytron-mechanism-oauth2\1.19.1.Final\wildfly-elytron-mechanism-oauth2-1.19.1.Final.jar;C:\Users\Company\.m2\repository\org\wildfly\security\wildfly-elytron-mechanism-scram\1.19.1.Final\wildfly-elytron-mechanism-scram-1.19.1.Final.jar;C:\Users\Company\.m2\repository\org\wildfly\security\wildfly-elytron-realm-jdbc\1.19.1.Final\wildfly-elytron-realm-jdbc-1.19.1.Final.jar;C:\Users\Company\.m2\repository\org\wildfly\security\wildfly-elytron-realm-ldap\1.19.1.Final\wildfly-elytron-realm-ldap-1.19.1.Final.jar;C:\Users\Company\.m2\repository\org\wildfly\security\wildfly-elytron-realm-token\1.19.1.Final\wildfly-elytron-realm-token-1.19.1.Final.jar;C:\Users\Company\.m2\repository\org\wildfly\security\wildfly-elytron-sasl-digest\1.19.1.Final\wildfly-elytron-sasl-digest-1.19.1.Final.jar;C:\Users\Company\.m2\repository\org\wildfly\security\wildfly-elytron-sasl-entity\1.19.1.Final\wildfly-elytron-sasl-entity-1.19.1.Final.jar;C:\Users\Company\.m2\repository\org\wildfly\security\wildfly-elytron-sasl-external\1.19.1.Final\wildfly-elytron-sasl-external-1.19.1.Final.jar;C:\Users\Company\.m2\repository\org\wildfly\security\wildfly-elytron-sasl-gs2\1.19.1.Final\wildfly-elytron-sasl-gs2-1.19.1.Final.jar;C:\Users\Company\.m2\repository\org\wildfly\security\wildfly-elytron-sasl-gssapi\1.19.1.Final\wildfly-elytron-sasl-gssapi-1.19.1.Final.jar;C:\Users\Company\.m2\repository\org\wildfly\security\wildfly-elytron-sasl-oauth2\1.19.1.Final\wildfly-elytron-sasl-oauth2-1.19.1.Final.jar;C:\Users\Company\.m2\repository\org\wildfly\security\wildfly-elytron-sasl-otp\1.19.1.Final\wildfly-elytron-sasl-otp-1.19.1.Final.jar;C:\Users\Company\.m2\repository\org\wildfly\security\wildfly-elytron-sasl-plain\1.19.1.Final\wildfly-elytron-sasl-plain-1.19.1.Final.jar;C:\Users\Company\.m2\repository\org\wildfly\security\wildfly-elytron-sasl-scram\1.19.1.Final\wildfly-elytron-sasl-scram-1.19.1.Final.jar;C:\Users\Company\.m2\repository\org\wildfly\security\wildfly-elytron-x500-cert-acme\1.19.1.Final\wildfly-elytron-x500-cert-acme-1.19.1.Final.jar;C:\Users\Company\.m2\repository\org\wildfly\security\wildfly-elytron-x500-cert-util\1.19.1.Final\wildfly-elytron-x500-cert-util-1.19.1.Final.jar;C:\Users\Company\.m2\repository\org\wildfly\security\wildfly-elytron-x500-principal\1.19.1.Final\wildfly-elytron-x500-principal-1.19.1.Final.jar;C:\Users\Company\.m2\repository\org\jboss\logging\jboss-logging\3.4.3.Final\jboss-logging-3.4.3.Final.jar;C:\Users\Company\.m2\repository\org\wildfly\client\wildfly-client-config\1.0.1.Final\wildfly-client-config-1.0.1.Final.jar;C:\Users\Company\.m2\repository\org\wildfly\common\wildfly-common\1.6.0.Final\wildfly-common-1.6.0.Final.jar;C:\Users\Company\.m2\repository\org\wildfly\discovery\wildfly-discovery-client\1.2.1.Final\wildfly-discovery-client-1.2.1.Final.jar;C:\Users\Company\.m2\repository\org\wildfly\security\wildfly-elytron-auth\1.19.1.Final\wildfly-elytron-auth-1.19.1.Final.jar;C:\Users\Company\.m2\repository\org\wildfly\security\wildfly-elytron-auth-server\1.19.1.Final\wildfly-elytron-auth-server-1.19.1.Final.jar;C:\Users\Company\.m2\repository\org\wildfly\security\wildfly-elytron-base\1.19.1.Final\wildfly-elytron-base-1.19.1.Final.jar;C:\Users\Company\.m2\repository\org\wildfly\security\wildfly-elytron-x500\1.19.1.Final\wildfly-elytron-x500-1.19.1.Final.jar;C:\Users\Company\.m2\repository\org\wildfly\security\wildfly-elytron-credential\1.19.1.Final\wildfly-elytron-credential-1.19.1.Final.jar;C:\Users\Company\.m2\repository\org\wildfly\security\wildfly-elytron-asn1\1.19.1.Final\wildfly-elytron-asn1-1.19.1.Final.jar;C:\Users\Company\.m2\repository\org\wildfly\security\wildfly-elytron-keystore\1.19.1.Final\wildfly-elytron-keystore-1.19.1.Final.jar;C:\Users\Company\.m2\repository\org\wildfly\security\wildfly-elytron-provider-util\1.19.1.Final\wildfly-elytron-provider-util-1.19.1.Final.jar;C:\Users\Company\.m2\repository\org\wildfly\security\wildfly-elytron-client\1.19.1.Final\wildfly-elytron-client-1.19.1.Final.jar;C:\Users\Company\.m2\repository\org\wildfly\security\wildfly-elytron-auth-util\1.19.1.Final\wildfly-elytron-auth-util-1.19.1.Final.jar;C:\Users\Company\.m2\repository\org\apache\sshd\sshd-common\2.7.0\sshd-common-2.7.0.jar;C:\Users\Company\.m2\repository\org\slf4j\slf4j-api\1.7.36\slf4j-api-1.7.36.jar;C:\Users\Company\.m2\repository\org\slf4j\jcl-over-slf4j\1.7.36\jcl-over-slf4j-1.7.36.jar;C:\Users\Company\.m2\repository\org\wildfly\security\wildfly-elytron-credential-source-impl\1.19.1.Final\wildfly-elytron-credential-source-impl-1.19.1.Final.jar;C:\Users\Company\.m2\repository\org\wildfly\security\wildfly-elytron-credential-store\1.19.1.Final\wildfly-elytron-credential-store-1.19.1.Final.jar;C:\Users\Company\.m2\repository\org\wildfly\security\wildfly-elytron-mechanism\1.19.1.Final\wildfly-elytron-mechanism-1.19.1.Final.jar;C:\Users\Company\.m2\repository\org\wildfly\security\wildfly-elytron-password-impl\1.19.1.Final\wildfly-elytron-password-impl-1.19.1.Final.jar;C:\Users\Company\.m2\repository\org\wildfly\security\wildfly-elytron-x500-cert\1.19.1.Final\wildfly-elytron-x500-cert-1.19.1.Final.jar;C:\Users\Company\.m2\repository\org\wildfly\security\wildfly-elytron-security-manager\1.19.1.Final\wildfly-elytron-security-manager-1.19.1.Final.jar;C:\Users\Company\.m2\repository\org\wildfly\security\wildfly-elytron-security-manager-action\1.19.1.Final\wildfly-elytron-security-manager-action-1.19.1.Final.jar;C:\Users\Company\.m2\repository\org\wildfly\security\wildfly-elytron-permission\1.19.1.Final\wildfly-elytron-permission-1.19.1.Final.jar;C:\Users\Company\.m2\repository\org\wildfly\security\wildfly-elytron-sasl\1.19.1.Final\wildfly-elytron-sasl-1.19.1.Final.jar;C:\Users\Company\.m2\repository\org\wildfly\security\wildfly-elytron-ssl\1.19.1.Final\wildfly-elytron-ssl-1.19.1.Final.jar;C:\Users\Company\.m2\repository\org\wildfly\security\wildfly-elytron-realm\1.19.1.Final\wildfly-elytron-realm-1.19.1.Final.jar;C:\Users\Company\.m2\repository\org\wildfly\security\wildfly-elytron-encryption\1.19.1.Final\wildfly-elytron-encryption-1.19.1.Final.jar;C:\Users\Company\.m2\repository\org\wildfly\security\wildfly-elytron-sasl-localuser\1.19.1.Final\wildfly-elytron-sasl-localuser-1.19.1.Final.jar;C:\Users\Company\.m2\repository\org\wildfly\security\wildfly-elytron-http-sso\1.19.1.Final\wildfly-elytron-http-sso-1.19.1.Final.jar;C:\Users\Company\.m2\repository\org\wildfly\security\wildfly-elytron-http\1.19.1.Final\wildfly-elytron-http-1.19.1.Final.jar;C:\Users\Company\.m2\repository\org\wildfly\security\wildfly-elytron-http-util\1.19.1.Final\wildfly-elytron-http-util-1.19.1.Final.jar;C:\Users\Company\.m2\repository\org\wildfly\security\wildfly-elytron-util\1.19.1.Final\wildfly-elytron-util-1.19.1.Final.jar;C:\Users\Company\.m2\repository\org\wildfly\wildfly-naming-client\1.0.15.Final\wildfly-naming-client-1.0.15.Final.jar;C:\Users\Company\.m2\repository\org\wildfly\security\wildfly-elytron-sasl-anonymous\1.19.1.Final\wildfly-elytron-sasl-anonymous-1.19.1.Final.jar;C:\Users\Company\.m2\repository\org\wildfly\security\wildfly-elytron-sasl-auth-util\1.19.1.Final\wildfly-elytron-sasl-auth-util-1.19.1.Final.jar;C:\Users\Company\.m2\repository\org\jboss\ejb3\jboss-ejb3-ext-api\2.3.0.Final\jboss-ejb3-ext-api-2.3.0.Final.jar;C:\Users\Company\.m2\repository\org\jboss\spec\javax\resource\jboss-connector-api_1.7_spec\2.0.0.Final\jboss-connector-api_1.7_spec-2.0.0.Final.jar;C:\Users\Company\.m2\repository\org\jboss\spec\javax\transaction\jboss-transaction-api_1.3_spec\2.0.0.Final\jboss-transaction-api_1.3_spec-2.0.0.Final.jar;C:\Users\Company\.m2\repository\org\wildfly\wildfly-http-client\wildfly-http-ejb-client\1.1.12.Final\wildfly-http-ejb-client-1.1.12.Final.jar;C:\Users\Company\.m2\repository\org\kohsuke\metainf-services\metainf-services\1.7\metainf-services-1.7.jar;C:\Users\Company\.m2\repository\io\undertow\undertow-core\2.2.19.Final\undertow-core-2.2.19.Final.jar;C:\Users\Company\.m2\repository\org\wildfly\wildfly-http-client\wildfly-http-client-common\1.1.12.Final\wildfly-http-client-common-1.1.12.Final.jar;C:\Users\Company\.m2\repository\org\wildfly\security\wildfly-elytron-auth-server-http\1.19.1.Final\wildfly-elytron-auth-server-http-1.19.1.Final.jar;C:\Users\Company\.m2\repository\org\wildfly\security\wildfly-elytron-http-basic\1.19.1.Final\wildfly-elytron-http-basic-1.19.1.Final.jar;C:\Users\Company\.m2\repository\org\wildfly\security\wildfly-elytron-http-cert\1.19.1.Final\wildfly-elytron-http-cert-1.19.1.Final.jar;C:\Users\Company\.m2\repository\org\wildfly\security\wildfly-elytron-http-digest\1.19.1.Final\wildfly-elytron-http-digest-1.19.1.Final.jar;C:\Users\Company\.m2\repository\org\wildfly\wildfly-http-client\wildfly-http-naming-client\1.1.12.Final\wildfly-http-naming-client-1.1.12.Final.jar;C:\Users\Company\.m2\repository\org\wildfly\wildfly-http-client\wildfly-http-transaction-client\1.1.12.Final\wildfly-http-transaction-client-1.1.12.Final.jar;C:\Users\Company\.m2\repository\org\jboss\jboss-ejb-client\4.0.44.Final\jboss-ejb-client-4.0.44.Final.jar;C:\Users\Company\.m2\repository\org\jboss\spec\javax\transaction\jboss-transaction-api_1.2_spec\1.0.1.Final\jboss-transaction-api_1.2_spec-1.0.1.Final.jar;C:\Users\Company\.m2\repository\javax\javaee-api\8.0\javaee-api-8.0.jar;C:\Users\Company\.m2\repository\com\sun\mail\javax.mail\1.6.0\javax.mail-1.6.0.jar;C:\Users\Company\.m2\repository\javax\activation\activation\1.1\activation-1.1.jar;C:\Users\Company\.m2\repository\com\brady\backend\1.0-SNAPSHOT\backend-1.0-SNAPSHOT.jar;C:\Users\Company\.m2\repository\com\h2database\h2\1.4.200\h2-1.4.200.jar;C:\Users\Company\.m2\repository\org\modelmapper\modelmapper\3.1.1\modelmapper-3.1.1.jar;C:\Users\Company\.m2\repository\org\flywaydb\flyway-core\8.3.0\flyway-core-8.3.0.jar;C:\Users\Company\.m2\repository\org\hibernate\hibernate-core\5.6.10.Final\hibernate-core-5.6.10.Final.jar;C:\Users\Company\.m2\repository\javax\persistence\javax.persistence-api\2.2\javax.persistence-api-2.2.jar;C:\Users\Company\.m2\repository\net\bytebuddy\byte-buddy\1.12.9\byte-buddy-1.12.9.jar;C:\Users\Company\.m2\repository\antlr\antlr\2.7.7\antlr-2.7.7.jar;C:\Users\Company\.m2\repository\org\jboss\jandex\2.4.2.Final\jandex-2.4.2.Final.jar;C:\Users\Company\.m2\repository\com\fasterxml\classmate\1.5.1\classmate-1.5.1.jar;C:\Users\Company\.m2\repository\javax\activation\javax.activation-api\1.2.0\javax.activation-api-1.2.0.jar;C:\Users\Company\.m2\repository\org\hibernate\common\hibernate-commons-annotations\5.1.2.Final\hibernate-commons-annotations-5.1.2.Final.jar;C:\Users\Company\.m2\repository\javax\xml\bind\jaxb-api\2.3.1\jaxb-api-2.3.1.jar;C:\Users\Company\.m2\repository\org\glassfish\jaxb\jaxb-runtime\2.3.1\jaxb-runtime-2.3.1.jar;C:\Users\Company\.m2\repository\org\glassfish\jaxb\txw2\2.3.1\txw2-2.3.1.jar;C:\Users\Company\.m2\repository\com\sun\istack\istack-commons-runtime\3.0.7\istack-commons-runtime-3.0.7.jar;C:\Users\Company\.m2\repository\org\jvnet\staxex\stax-ex\1.8\stax-ex-1.8.jar;C:\Users\Company\.m2\repository\com\sun\xml\fastinfoset\FastInfoset\1.2.15\FastInfoset-1.2.15.jar;"/>
    <property name="sun.cpu.endian" value="little"/>
    <property name="user.home" value="C:\Users\Company"/>
    <property name="user.language" value="en"/>
    <property name="java.specification.vendor" value="Oracle Corporation"/>
    <property name="java.version.date" value="2023-01-17"/>
    <property name="java.home" value="C:\Program Files\Android\Android Studio\jbr"/>
    <property name="file.separator" value="\"/>
    <property name="basedir" value="D:\SS\brady-assignment\frontend"/>
    <property name="java.vm.compressedOopsMode" value="Zero based"/>
    <property name="line.separator" value="&#10;"/>
    <property name="java.vm.specification.vendor" value="Oracle Corporation"/>
    <property name="java.specification.name" value="Java Platform API Specification"/>
    <property name="jbr.virtualization.information" value="Hyper-V role"/>
    <property name="surefire.real.class.path" value="C:\Users\Company\AppData\Local\Temp\surefire13944215483240406061\surefirebooter-20250625163731070_3.jar"/>
    <property name="user.script" value=""/>
    <property name="sun.management.compiler" value="HotSpot 64-Bit Tiered Compilers"/>
    <property name="java.runtime.version" value="17.0.6+0-b2043.56-10027231"/>
    <property name="user.name" value="Company"/>
    <property name="path.separator" value=";"/>
    <property name="os.version" value="10.0"/>
    <property name="java.runtime.name" value="OpenJDK Runtime Environment"/>
    <property name="file.encoding" value="Cp1252"/>
    <property name="java.vm.name" value="OpenJDK 64-Bit Server VM"/>
    <property name="localRepository" value="C:\Users\Company\.m2\repository"/>
    <property name="java.vendor.url.bug" value="https://bugreport.java.com/bugreport/"/>
    <property name="java.io.tmpdir" value="C:\Users\Company\AppData\Local\Temp\"/>
    <property name="java.version" value="17.0.6"/>
    <property name="user.dir" value="D:\SS\brady-assignment\frontend"/>
    <property name="os.arch" value="amd64"/>
    <property name="java.vm.specification.name" value="Java Virtual Machine Specification"/>
    <property name="sun.os.patch.level" value=""/>
    <property name="native.encoding" value="Cp1252"/>
    <property name="java.library.path" value="C:\Program Files\Android\Android Studio\jbr\bin;C:\WINDOWS\Sun\Java\bin;C:\WINDOWS\system32;C:\WINDOWS;C:\WINDOWS\system32;C:\WINDOWS;C:\WINDOWS\System32\Wbem;C:\WINDOWS\System32\WindowsPowerShell\v1.0\;C:\WINDOWS\System32\OpenSSH\ssh.exe;C:\Program Files\Git\cmd;C:\ProgramData\nvm;C:\Program Files\nodejs;C:\Program Files\Docker\Docker\resources\bin;C:\Program Files\Microsoft SQL Server\150\Tools\Binn\;C:\Program Files\dotnet\;C:\Users\Company\AppData\Local\Programs\Python\Python312;D:\Kafka\bin;C:\Program Files\Apache\Maven\bin;;C:\WINDOWS\System32\OpenSSH\;C:\Users\Company\AppData\Local\Programs\Python\Launcher\;C:\Users\Company\AppData\Local\Microsoft\WindowsApps;C:\Users\Company\AppData\Roaming\npm;C:\Users\Company\AppData\Local\Programs\Microsoft VS Code\bin;C:\Users\Company\AppData\Local\Programs\Git\cmd;C:\Program Files\Android\Android Studio\jbr;C:\Users\Company\.dotnet\tools;;."/>
    <property name="java.vm.info" value="mixed mode"/>
    <property name="java.vendor" value="JetBrains s.r.o."/>
    <property name="java.vm.version" value="17.0.6+0-b2043.56-10027231"/>
    <property name="sun.io.unicode.encoding" value="UnicodeLittle"/>
    <property name="java.class.version" value="61.0"/>
  </properties>
  <testcase name="testApp" classname="com.brady.AppTest" time="0.002"/>
</testsuite>